<?xml version="1.0" encoding="UTF-8"?>
<testsuite xmlns:xsi="http://www.w3.org/2001/XMLSchema-instance" xsi:noNamespaceSchemaLocation="https://maven.apache.org/surefire/maven-surefire-plugin/xsd/surefire-test-report-3.0.xsd" version="3.0" name="com.example.services.ProductServiceTest" time="0.222" tests="8" errors="0" skipped="0" failures="0">
  <properties>
[...]
</properties>
  <testcase name="deveProcessarMultiplasRemocoes" classname="com.example.services.ProductServiceTest" time="0.036"/>
  <testcase name="updateDeveExecutarMesmoSeSaveFalhar" classname="com.example.services.ProductServiceTest" time="0.008"/>
  <testcase name="deveSalvarAImagemCorretamente" classname="com.example.services.ProductServiceTest" time="0.026"/>
  <testcase name="deveAtualizarAImagemCorretamente" classname="com.example.services.ProductServiceTest" time="0.023"/>
  <testcase name="deveObterCaminhoImagemPorId" classname="com.example.services.ProductServiceTest" time="0.055"/>
  <testcase name="naoDeveSalvarQuandoArquivoNaoExiste" classname="com.example.services.ProductServiceTest" time="0.022"/>
  <testcase name="deveProcessarMultiplosSalvamentos" classname="com.example.services.ProductServiceTest" time="0.02"/>
  <testcase name="deveRemoverAImagemCorretamente" classname="com.example.services.ProductServiceTest" time="0.004"/>
</testsuite>